<?xml version="1.0" encoding="UTF-8"?>
<testng-results ignored="0" total="1" passed="1" failed="0" skipped="0">
  <reporter-output>
  </reporter-output>
  <suite started-at="2022-01-20T15:38:58 IST" name="Default suite" finished-at="2022-01-20T15:39:00 IST" duration-ms="1786">
    <groups>
    </groups>
    <test started-at="2022-01-20T15:38:58 IST" name="Default test" finished-at="2022-01-20T15:39:00 IST" duration-ms="1786">
      <class name="com.demo.Restassured_get">
        <test-method signature="get_01()[pri:2, instance:com.demo.Restassured_get@26275bef]" started-at="2022-01-20T15:38:58 IST" name="get_01" finished-at="2022-01-20T15:39:00 IST" duration-ms="1745" status="PASS">
          <reporter-output>
          </reporter-output>
        </test-method> <!-- get_01 -->
      </class> <!-- com.demo.Restassured_get -->
    </test> <!-- Default test -->
  </suite> <!-- Default suite -->
</testng-results>
